<?xml version="1.0" encoding="UTF-8"?>
<!-- Generated by org.testng.reporters.JUnitXMLReporter -->
<testsuite ignored="1" hostname="DESKTOP-JIP4V5I" failures="1" tests="2" name="Test" time="7.367" errors="0" timestamp="27 Jan 2023 03:55:34 GMT">
  <testcase classname="Test.loginTest" name="login" time="0.538"/>
  <testcase classname="Test.materialTest" name="Page" time="6.767">
    <failure type="java.lang.AssertionError" message="The following asserts failed:
	expected [1px] but found [14px]">
      <![CDATA[java.lang.AssertionError: The following asserts failed:
expected [1px] but found [14px]
at Test.materialTest.Page(materialTest.java:92)
... Removed 26 stack frames]]>
    </failure>
  </testcase> <!-- Page -->
  <testcase classname="base.initial" name="@BeforeSuite main" time="0.0">
    <ignored/>
  </testcase> <!-- @BeforeSuite main -->
</testsuite> <!-- Test -->
